  [1m[35m (25.4ms)[0m  [1m[35mCREATE TABLE "schema_migrations" ("version" varchar NOT NULL PRIMARY KEY)[0m
  [1m[35m (5.3ms)[0m  [1m[35mCREATE TABLE "ar_internal_metadata" ("key" varchar NOT NULL PRIMARY KEY, "value" varchar, "created_at" datetime(6) NOT NULL, "updated_at" datetime(6) NOT NULL)[0m
  [1m[36mActiveRecord::SchemaMigration Pluck (0.3ms)[0m  [1m[34mSELECT "schema_migrations"."version" FROM "schema_migrations" ORDER BY "schema_migrations"."version" ASC[0m
Migrating to CreateFriends (20221208211020)
  [1m[36mTRANSACTION (0.1ms)[0m  [1m[36mbegin transaction[0m
  [1m[35m (1.3ms)[0m  [1m[35mCREATE TABLE "friends" ("id" integer PRIMARY KEY AUTOINCREMENT NOT NULL, "full_name" varchar, "email" varchar, "phone" varchar, "telegram" varchar, "discord" varchar, "created_at" datetime(6) NOT NULL, "updated_at" datetime(6) NOT NULL)[0m
  [1m[36mActiveRecord::SchemaMigration Create (0.2ms)[0m  [1m[32mINSERT INTO "schema_migrations" ("version") VALUES (?)[0m  [["version", "20221208211020"]]
  [1m[36mTRANSACTION (8.6ms)[0m  [1m[36mcommit transaction[0m
  [1m[36mActiveRecord::InternalMetadata Load (0.4ms)[0m  [1m[34mSELECT "ar_internal_metadata".* FROM "ar_internal_metadata" WHERE "ar_internal_metadata"."key" = ? LIMIT ?[0m  [["key", "environment"], ["LIMIT", 1]]
  [1m[36mTRANSACTION (0.1ms)[0m  [1m[36mbegin transaction[0m
  [1m[36mActiveRecord::InternalMetadata Create (1.4ms)[0m  [1m[32mINSERT INTO "ar_internal_metadata" ("key", "value", "created_at", "updated_at") VALUES (?, ?, ?, ?)[0m  [["key", "environment"], ["value", "development"], ["created_at", "2022-12-08 21:10:55.093009"], ["updated_at", "2022-12-08 21:10:55.093009"]]
  [1m[36mTRANSACTION (3.6ms)[0m  [1m[36mcommit transaction[0m
  [1m[36mActiveRecord::SchemaMigration Pluck (0.2ms)[0m  [1m[34mSELECT "schema_migrations"."version" FROM "schema_migrations" ORDER BY "schema_migrations"."version" ASC[0m
Started GET "/" for ::1 at 2022-12-08 23:22:24 +0200
  [1m[36mActiveRecord::SchemaMigration Pluck (0.5ms)[0m  [1m[34mSELECT "schema_migrations"."version" FROM "schema_migrations" ORDER BY "schema_migrations"."version" ASC[0m
Processing by HomeController#index as HTML
  Rendering layout layouts/application.html.erb
  Rendering home/index.html.erb within layouts/application
  Rendered home/index.html.erb within layouts/application (Duration: 26.5ms | Allocations: 462)
  Rendered home/_header.html.erb (Duration: 25.4ms | Allocations: 482)
  Rendered layout layouts/application.html.erb (Duration: 1422.8ms | Allocations: 97192)
Completed 200 OK in 1628ms (Views: 1488.4ms | ActiveRecord: 0.0ms | Allocations: 101915)


Started GET "/friends" for ::1 at 2022-12-08 23:22:31 +0200
Processing by FriendsController#index as HTML
  Rendering layout layouts/application.html.erb
  Rendering friends/index.html.erb within layouts/application
  [1m[36mFriend Load (0.4ms)[0m  [1m[34mSELECT "friends".* FROM "friends"[0m
  ↳ app/views/friends/index.html.erb:16
  Rendered friends/index.html.erb within layouts/application (Duration: 31.0ms | Allocations: 1174)
  Rendered home/_header.html.erb (Duration: 0.4ms | Allocations: 172)
  Rendered layout layouts/application.html.erb (Duration: 46.4ms | Allocations: 4198)
Completed 200 OK in 94ms (Views: 55.0ms | ActiveRecord: 0.4ms | Allocations: 5866)


Started GET "/friends/new" for ::1 at 2022-12-08 23:23:04 +0200
Processing by FriendsController#new as HTML
  Rendering layout layouts/application.html.erb
  Rendering friends/new.html.erb within layouts/application
  Rendered friends/_form.html.erb (Duration: 172.3ms | Allocations: 4250)
  Rendered friends/new.html.erb within layouts/application (Duration: 198.1ms | Allocations: 4584)
  Rendered home/_header.html.erb (Duration: 0.2ms | Allocations: 160)
  Rendered layout layouts/application.html.erb (Duration: 226.3ms | Allocations: 7225)
Completed 200 OK in 668ms (Views: 227.8ms | ActiveRecord: 11.0ms | Allocations: 20198)


Started POST "/friends" for ::1 at 2022-12-08 23:26:26 +0200
Processing by FriendsController#create as TURBO_STREAM
  Parameters: {"authenticity_token"=>"[FILTERED]", "friend"=>{"full_name"=>"Kovtunova Nikole", "email"=>"kovtunova003@mriya.com", "phone"=>"+38", "telegram"=>"@taranka7", "discord"=>"Lucaa #7630"}, "commit"=>"Create Friend"}
  [1m[36mTRANSACTION (0.1ms)[0m  [1m[36mbegin transaction[0m
  ↳ app/controllers/friends_controller.rb:27:in `block in create'
  [1m[36mFriend Create (2.1ms)[0m  [1m[32mINSERT INTO "friends" ("full_name", "email", "phone", "telegram", "discord", "created_at", "updated_at") VALUES (?, ?, ?, ?, ?, ?, ?)[0m  [["full_name", "Kovtunova Nikole"], ["email", "kovtunova003@mriya.com"], ["phone", "+38"], ["telegram", "@taranka7"], ["discord", "Lucaa #7630"], ["created_at", "2022-12-08 21:26:27.046445"], ["updated_at", "2022-12-08 21:26:27.046445"]]
  ↳ app/controllers/friends_controller.rb:27:in `block in create'
  [1m[36mTRANSACTION (4.8ms)[0m  [1m[36mcommit transaction[0m
  ↳ app/controllers/friends_controller.rb:27:in `block in create'
Redirected to http://localhost:3000/friends/1
Completed 302 Found in 22ms (ActiveRecord: 7.1ms | Allocations: 3918)


Started GET "/friends/1" for ::1 at 2022-12-08 23:26:27 +0200
Processing by FriendsController#show as TURBO_STREAM
  Parameters: {"id"=>"1"}
  [1m[36mFriend Load (0.6ms)[0m  [1m[34mSELECT "friends".* FROM "friends" WHERE "friends"."id" = ? LIMIT ?[0m  [["id", 1], ["LIMIT", 1]]
  ↳ app/controllers/friends_controller.rb:63:in `set_friend'
  Rendering layout layouts/application.html.erb
  Rendering friends/show.html.erb within layouts/application
  Rendered friends/show.html.erb within layouts/application (Duration: 27.4ms | Allocations: 968)
  Rendered home/_header.html.erb (Duration: 0.4ms | Allocations: 160)
  Rendered layouts/_alerts.html.erb (Duration: 11.1ms | Allocations: 113)
  Rendered layout layouts/application.html.erb (Duration: 56.8ms | Allocations: 3865)
Completed 200 OK in 94ms (Views: 58.0ms | ActiveRecord: 0.6ms | Allocations: 6694)


Started GET "/friends" for ::1 at 2022-12-08 23:26:30 +0200
Processing by FriendsController#index as HTML
  Rendering layout layouts/application.html.erb
  Rendering friends/index.html.erb within layouts/application
  [1m[36mFriend Load (0.3ms)[0m  [1m[34mSELECT "friends".* FROM "friends"[0m
  ↳ app/views/friends/index.html.erb:16
  Rendered friends/index.html.erb within layouts/application (Duration: 2.3ms | Allocations: 794)
  Rendered home/_header.html.erb (Duration: 0.4ms | Allocations: 159)
  Rendered layout layouts/application.html.erb (Duration: 17.6ms | Allocations: 3473)
Completed 200 OK in 23ms (Views: 18.4ms | ActiveRecord: 0.3ms | Allocations: 3769)


Started GET "/friends/new" for ::1 at 2022-12-08 23:26:31 +0200
Processing by FriendsController#new as HTML
  Rendering layout layouts/application.html.erb
  Rendering friends/new.html.erb within layouts/application
  Rendered friends/_form.html.erb (Duration: 2.5ms | Allocations: 1062)
  Rendered friends/new.html.erb within layouts/application (Duration: 3.1ms | Allocations: 1161)
  Rendered home/_header.html.erb (Duration: 0.6ms | Allocations: 158)
  Rendered layout layouts/application.html.erb (Duration: 17.3ms | Allocations: 3669)
Completed 200 OK in 23ms (Views: 18.3ms | ActiveRecord: 0.0ms | Allocations: 3981)


Started POST "/friends" for ::1 at 2022-12-08 23:27:56 +0200
Processing by FriendsController#create as TURBO_STREAM
  Parameters: {"authenticity_token"=>"[FILTERED]", "friend"=>{"full_name"=>"Mukha Oleg", "email"=>"mukha.o@chmnu.edu.ua", "phone"=>"+380 99 295 19 02", "telegram"=>"https://t.me/helg_mkh", "discord"=>"olegatron #5475"}, "commit"=>"Create Friend"}
  [1m[36mTRANSACTION (0.1ms)[0m  [1m[36mbegin transaction[0m
  ↳ app/controllers/friends_controller.rb:27:in `block in create'
  [1m[36mFriend Create (1.7ms)[0m  [1m[32mINSERT INTO "friends" ("full_name", "email", "phone", "telegram", "discord", "created_at", "updated_at") VALUES (?, ?, ?, ?, ?, ?, ?)[0m  [["full_name", "Mukha Oleg"], ["email", "mukha.o@chmnu.edu.ua"], ["phone", "+380 99 295 19 02"], ["telegram", "https://t.me/helg_mkh"], ["discord", "olegatron #5475"], ["created_at", "2022-12-08 21:27:56.633339"], ["updated_at", "2022-12-08 21:27:56.633339"]]
  ↳ app/controllers/friends_controller.rb:27:in `block in create'
  [1m[36mTRANSACTION (4.7ms)[0m  [1m[36mcommit transaction[0m
  ↳ app/controllers/friends_controller.rb:27:in `block in create'
Redirected to http://localhost:3000/friends/2
Completed 302 Found in 19ms (ActiveRecord: 6.5ms | Allocations: 2442)


Started GET "/friends/2" for ::1 at 2022-12-08 23:27:56 +0200
Processing by FriendsController#show as TURBO_STREAM
  Parameters: {"id"=>"2"}
  [1m[36mFriend Load (0.3ms)[0m  [1m[34mSELECT "friends".* FROM "friends" WHERE "friends"."id" = ? LIMIT ?[0m  [["id", 2], ["LIMIT", 1]]
  ↳ app/controllers/friends_controller.rb:63:in `set_friend'
  Rendering layout layouts/application.html.erb
  Rendering friends/show.html.erb within layouts/application
  Rendered friends/show.html.erb within layouts/application (Duration: 1.3ms | Allocations: 550)
  Rendered home/_header.html.erb (Duration: 0.3ms | Allocations: 159)
  Rendered layouts/_alerts.html.erb (Duration: 0.1ms | Allocations: 13)
  Rendered layout layouts/application.html.erb (Duration: 16.7ms | Allocations: 3127)
Completed 200 OK in 24ms (Views: 17.5ms | ActiveRecord: 0.3ms | Allocations: 3885)


Started GET "/friends/2/edit" for ::1 at 2022-12-08 23:28:04 +0200
Processing by FriendsController#edit as HTML
  Parameters: {"id"=>"2"}
  [1m[36mFriend Load (0.3ms)[0m  [1m[34mSELECT "friends".* FROM "friends" WHERE "friends"."id" = ? LIMIT ?[0m  [["id", 2], ["LIMIT", 1]]
  ↳ app/controllers/friends_controller.rb:63:in `set_friend'
  Rendering layout layouts/application.html.erb
  Rendering friends/edit.html.erb within layouts/application
  Rendered friends/_form.html.erb (Duration: 2.6ms | Allocations: 1145)
  Rendered friends/edit.html.erb within layouts/application (Duration: 25.6ms | Allocations: 1438)
  Rendered home/_header.html.erb (Duration: 0.9ms | Allocations: 158)
  Rendered layout layouts/application.html.erb (Duration: 40.9ms | Allocations: 3937)
Completed 200 OK in 51ms (Views: 42.1ms | ActiveRecord: 0.3ms | Allocations: 4748)


Started PATCH "/friends/2" for ::1 at 2022-12-08 23:28:08 +0200
Processing by FriendsController#update as TURBO_STREAM
  Parameters: {"authenticity_token"=>"[FILTERED]", "friend"=>{"full_name"=>"Mukha Oleg", "email"=>"mukha.o@chmnu.edu.ua", "phone"=>"+380 99 295 19 02", "telegram"=>"@helg_mkh", "discord"=>"olegatron #5475"}, "commit"=>"Update Friend", "id"=>"2"}
  [1m[36mFriend Load (0.3ms)[0m  [1m[34mSELECT "friends".* FROM "friends" WHERE "friends"."id" = ? LIMIT ?[0m  [["id", 2], ["LIMIT", 1]]
  ↳ app/controllers/friends_controller.rb:63:in `set_friend'
  [1m[36mTRANSACTION (0.1ms)[0m  [1m[36mbegin transaction[0m
  ↳ app/controllers/friends_controller.rb:40:in `block in update'
  [1m[36mFriend Update (1.6ms)[0m  [1m[33mUPDATE "friends" SET "telegram" = ?, "updated_at" = ? WHERE "friends"."id" = ?[0m  [["telegram", "@helg_mkh"], ["updated_at", "2022-12-08 21:28:08.796677"], ["id", 2]]
  ↳ app/controllers/friends_controller.rb:40:in `block in update'
  [1m[36mTRANSACTION (4.4ms)[0m  [1m[36mcommit transaction[0m
  ↳ app/controllers/friends_controller.rb:40:in `block in update'
Redirected to http://localhost:3000/friends/2
Completed 302 Found in 19ms (ActiveRecord: 6.4ms | Allocations: 3022)


Started GET "/friends/2" for ::1 at 2022-12-08 23:28:08 +0200
Processing by FriendsController#show as TURBO_STREAM
  Parameters: {"id"=>"2"}
  [1m[36mFriend Load (0.3ms)[0m  [1m[34mSELECT "friends".* FROM "friends" WHERE "friends"."id" = ? LIMIT ?[0m  [["id", 2], ["LIMIT", 1]]
  ↳ app/controllers/friends_controller.rb:63:in `set_friend'
  Rendering layout layouts/application.html.erb
  Rendering friends/show.html.erb within layouts/application
  Rendered friends/show.html.erb within layouts/application (Duration: 1.2ms | Allocations: 544)
  Rendered home/_header.html.erb (Duration: 0.4ms | Allocations: 159)
  Rendered layouts/_alerts.html.erb (Duration: 0.1ms | Allocations: 13)
  Rendered layout layouts/application.html.erb (Duration: 14.6ms | Allocations: 3121)
Completed 200 OK in 22ms (Views: 15.2ms | ActiveRecord: 0.3ms | Allocations: 3877)


Started GET "/friends" for ::1 at 2022-12-08 23:28:20 +0200
Processing by FriendsController#index as HTML
  Rendering layout layouts/application.html.erb
  Rendering friends/index.html.erb within layouts/application
  [1m[36mFriend Load (0.4ms)[0m  [1m[34mSELECT "friends".* FROM "friends"[0m
  ↳ app/views/friends/index.html.erb:16
  Rendered friends/index.html.erb within layouts/application (Duration: 2.7ms | Allocations: 969)
  Rendered home/_header.html.erb (Duration: 0.4ms | Allocations: 159)
  Rendered layout layouts/application.html.erb (Duration: 17.3ms | Allocations: 3680)
Completed 200 OK in 23ms (Views: 17.7ms | ActiveRecord: 0.4ms | Allocations: 3971)


Started GET "/friends/new" for ::1 at 2022-12-08 23:28:23 +0200
Processing by FriendsController#new as HTML
  Rendering layout layouts/application.html.erb
  Rendering friends/new.html.erb within layouts/application
  Rendered friends/_form.html.erb (Duration: 2.4ms | Allocations: 1002)
  Rendered friends/new.html.erb within layouts/application (Duration: 2.9ms | Allocations: 1101)
  Rendered home/_header.html.erb (Duration: 0.4ms | Allocations: 158)
  Rendered layout layouts/application.html.erb (Duration: 17.7ms | Allocations: 3607)
Completed 200 OK in 24ms (Views: 18.6ms | ActiveRecord: 0.0ms | Allocations: 3903)


Started POST "/friends" for ::1 at 2022-12-08 23:30:27 +0200
Processing by FriendsController#create as TURBO_STREAM
  Parameters: {"authenticity_token"=>"[FILTERED]", "friend"=>{"full_name"=>"Alex Kurnosov", "email"=>"kurnosovalex01@gmail.com", "phone"=>"+380 68 838 26 89", "telegram"=>"@xAFRO", "discord"=>"aFRIKa #0444"}, "commit"=>"Create Friend"}
  [1m[36mTRANSACTION (0.1ms)[0m  [1m[36mbegin transaction[0m
  ↳ app/controllers/friends_controller.rb:27:in `block in create'
  [1m[36mFriend Create (1.7ms)[0m  [1m[32mINSERT INTO "friends" ("full_name", "email", "phone", "telegram", "discord", "created_at", "updated_at") VALUES (?, ?, ?, ?, ?, ?, ?)[0m  [["full_name", "Alex Kurnosov"], ["email", "kurnosovalex01@gmail.com"], ["phone", "+380 68 838 26 89"], ["telegram", "@xAFRO"], ["discord", "aFRIKa #0444"], ["created_at", "2022-12-08 21:30:27.605266"], ["updated_at", "2022-12-08 21:30:27.605266"]]
  ↳ app/controllers/friends_controller.rb:27:in `block in create'
  [1m[36mTRANSACTION (3.8ms)[0m  [1m[36mcommit transaction[0m
  ↳ app/controllers/friends_controller.rb:27:in `block in create'
Redirected to http://localhost:3000/friends/3
Completed 302 Found in 20ms (ActiveRecord: 5.6ms | Allocations: 2316)


Started GET "/friends/3" for ::1 at 2022-12-08 23:30:27 +0200
Processing by FriendsController#show as TURBO_STREAM
  Parameters: {"id"=>"3"}
  [1m[36mFriend Load (0.4ms)[0m  [1m[34mSELECT "friends".* FROM "friends" WHERE "friends"."id" = ? LIMIT ?[0m  [["id", 3], ["LIMIT", 1]]
  ↳ app/controllers/friends_controller.rb:63:in `set_friend'
  Rendering layout layouts/application.html.erb
  Rendering friends/show.html.erb within layouts/application
  Rendered friends/show.html.erb within layouts/application (Duration: 1.6ms | Allocations: 539)
  Rendered home/_header.html.erb (Duration: 0.4ms | Allocations: 159)
  Rendered layouts/_alerts.html.erb (Duration: 0.1ms | Allocations: 13)
  Rendered layout layouts/application.html.erb (Duration: 17.7ms | Allocations: 3116)
Completed 200 OK in 26ms (Views: 18.6ms | ActiveRecord: 0.4ms | Allocations: 3872)


Started GET "/friends" for ::1 at 2022-12-08 23:30:30 +0200
Processing by FriendsController#index as HTML
  Rendering layout layouts/application.html.erb
  Rendering friends/index.html.erb within layouts/application
  [1m[36mFriend Load (0.7ms)[0m  [1m[34mSELECT "friends".* FROM "friends"[0m
  ↳ app/views/friends/index.html.erb:16
  Rendered friends/index.html.erb within layouts/application (Duration: 3.8ms | Allocations: 1161)
  Rendered home/_header.html.erb (Duration: 0.4ms | Allocations: 159)
  Rendered layout layouts/application.html.erb (Duration: 18.9ms | Allocations: 3851)
Completed 200 OK in 25ms (Views: 19.0ms | ActiveRecord: 0.7ms | Allocations: 4142)


Started GET "/friends/new" for ::1 at 2022-12-08 23:30:33 +0200
Processing by FriendsController#new as HTML
  Rendering layout layouts/application.html.erb
  Rendering friends/new.html.erb within layouts/application
  Rendered friends/_form.html.erb (Duration: 2.5ms | Allocations: 993)
  Rendered friends/new.html.erb within layouts/application (Duration: 2.9ms | Allocations: 1092)
  Rendered home/_header.html.erb (Duration: 0.3ms | Allocations: 158)
  Rendered layout layouts/application.html.erb (Duration: 17.6ms | Allocations: 3598)
Completed 200 OK in 24ms (Views: 18.3ms | ActiveRecord: 0.0ms | Allocations: 3894)


Started GET "/" for ::1 at 2022-12-08 23:31:03 +0200
Processing by HomeController#index as HTML
  Rendering layout layouts/application.html.erb
  Rendering home/index.html.erb within layouts/application
  Rendered home/index.html.erb within layouts/application (Duration: 0.1ms | Allocations: 7)
  Rendered home/_header.html.erb (Duration: 0.4ms | Allocations: 168)
  Rendered layout layouts/application.html.erb (Duration: 14.9ms | Allocations: 2699)
Completed 200 OK in 21ms (Views: 15.8ms | ActiveRecord: 0.0ms | Allocations: 2979)


Started GET "/friends" for ::1 at 2022-12-08 23:31:05 +0200
Processing by FriendsController#index as HTML
  Rendering layout layouts/application.html.erb
  Rendering friends/index.html.erb within layouts/application
  [1m[36mFriend Load (0.6ms)[0m  [1m[34mSELECT "friends".* FROM "friends"[0m
  ↳ app/views/friends/index.html.erb:16
  Rendered friends/index.html.erb within layouts/application (Duration: 5.2ms | Allocations: 1168)
  Rendered home/_header.html.erb (Duration: 0.9ms | Allocations: 159)
  Rendered layout layouts/application.html.erb (Duration: 21.1ms | Allocations: 3858)
Completed 200 OK in 27ms (Views: 21.3ms | ActiveRecord: 0.6ms | Allocations: 4149)


Started GET "/friends/1/edit" for ::1 at 2022-12-08 23:31:09 +0200
Processing by FriendsController#edit as HTML
  Parameters: {"id"=>"1"}
  [1m[36mFriend Load (0.3ms)[0m  [1m[34mSELECT "friends".* FROM "friends" WHERE "friends"."id" = ? LIMIT ?[0m  [["id", 1], ["LIMIT", 1]]
  ↳ app/controllers/friends_controller.rb:63:in `set_friend'
  Rendering layout layouts/application.html.erb
  Rendering friends/edit.html.erb within layouts/application
  Rendered friends/_form.html.erb (Duration: 2.3ms | Allocations: 1115)
  Rendered friends/edit.html.erb within layouts/application (Duration: 2.9ms | Allocations: 1261)
  Rendered home/_header.html.erb (Duration: 0.4ms | Allocations: 158)
  Rendered layout layouts/application.html.erb (Duration: 18.3ms | Allocations: 3759)
Completed 200 OK in 26ms (Views: 19.3ms | ActiveRecord: 0.3ms | Allocations: 4514)


Started PATCH "/friends/1" for ::1 at 2022-12-08 23:33:39 +0200
Processing by FriendsController#update as TURBO_STREAM
  Parameters: {"authenticity_token"=>"[FILTERED]", "friend"=>{"full_name"=>"Kovtunova Nikole", "email"=>"kovtunova@mriya.org.ua", "phone"=>"+380 96 838 48 88", "telegram"=>"@taranka7", "discord"=>"Lucaa #7630"}, "commit"=>"Update Friend", "id"=>"1"}
  [1m[36mFriend Load (0.5ms)[0m  [1m[34mSELECT "friends".* FROM "friends" WHERE "friends"."id" = ? LIMIT ?[0m  [["id", 1], ["LIMIT", 1]]
  ↳ app/controllers/friends_controller.rb:63:in `set_friend'
  [1m[36mTRANSACTION (0.1ms)[0m  [1m[36mbegin transaction[0m
  ↳ app/controllers/friends_controller.rb:40:in `block in update'
  [1m[36mFriend Update (3.7ms)[0m  [1m[33mUPDATE "friends" SET "email" = ?, "phone" = ?, "updated_at" = ? WHERE "friends"."id" = ?[0m  [["email", "kovtunova@mriya.org.ua"], ["phone", "+380 96 838 48 88"], ["updated_at", "2022-12-08 21:33:39.339149"], ["id", 1]]
  ↳ app/controllers/friends_controller.rb:40:in `block in update'
  [1m[36mTRANSACTION (4.1ms)[0m  [1m[36mcommit transaction[0m
  ↳ app/controllers/friends_controller.rb:40:in `block in update'
Redirected to http://localhost:3000/friends/1
Completed 302 Found in 22ms (ActiveRecord: 8.4ms | Allocations: 2865)


Started GET "/friends/1" for ::1 at 2022-12-08 23:33:39 +0200
Processing by FriendsController#show as TURBO_STREAM
  Parameters: {"id"=>"1"}
  [1m[36mFriend Load (0.3ms)[0m  [1m[34mSELECT "friends".* FROM "friends" WHERE "friends"."id" = ? LIMIT ?[0m  [["id", 1], ["LIMIT", 1]]
  ↳ app/controllers/friends_controller.rb:63:in `set_friend'
  Rendering layout layouts/application.html.erb
  Rendering friends/show.html.erb within layouts/application
  Rendered friends/show.html.erb within layouts/application (Duration: 1.6ms | Allocations: 529)
  Rendered home/_header.html.erb (Duration: 0.3ms | Allocations: 159)
  Rendered layouts/_alerts.html.erb (Duration: 0.1ms | Allocations: 13)
  Rendered layout layouts/application.html.erb (Duration: 15.4ms | Allocations: 3106)
Completed 200 OK in 23ms (Views: 16.1ms | ActiveRecord: 0.3ms | Allocations: 3862)


Started GET "/friends" for ::1 at 2022-12-08 23:33:43 +0200
Processing by FriendsController#index as HTML
  Rendering layout layouts/application.html.erb
  Rendering friends/index.html.erb within layouts/application
  [1m[36mFriend Load (0.3ms)[0m  [1m[34mSELECT "friends".* FROM "friends"[0m
  ↳ app/views/friends/index.html.erb:16
  Rendered friends/index.html.erb within layouts/application (Duration: 3.0ms | Allocations: 1161)
  Rendered home/_header.html.erb (Duration: 0.4ms | Allocations: 159)
  Rendered layout layouts/application.html.erb (Duration: 20.5ms | Allocations: 3851)
Completed 200 OK in 27ms (Views: 21.0ms | ActiveRecord: 0.3ms | Allocations: 4142)


Started GET "/friends/new" for ::1 at 2022-12-08 23:33:49 +0200
Processing by FriendsController#new as HTML
  Rendering layout layouts/application.html.erb
  Rendering friends/new.html.erb within layouts/application
  Rendered friends/_form.html.erb (Duration: 2.4ms | Allocations: 981)
  Rendered friends/new.html.erb within layouts/application (Duration: 3.3ms | Allocations: 1080)
  Rendered home/_header.html.erb (Duration: 0.2ms | Allocations: 158)
  Rendered layout layouts/application.html.erb (Duration: 19.2ms | Allocations: 3586)
Completed 200 OK in 32ms (Views: 23.8ms | ActiveRecord: 0.0ms | Allocations: 3882)


Started POST "/friends" for ::1 at 2022-12-08 23:35:38 +0200
Processing by FriendsController#create as TURBO_STREAM
  Parameters: {"authenticity_token"=>"[FILTERED]", "friend"=>{"full_name"=>"Severinov John", "email"=>"lilsonic444@gmail.com", "phone"=>"+380 97 436 06 81", "telegram"=>"@lilsonic", "discord"=>"lilsonic#1970"}, "commit"=>"Create Friend"}
  [1m[36mTRANSACTION (0.1ms)[0m  [1m[36mbegin transaction[0m
  ↳ app/controllers/friends_controller.rb:27:in `block in create'
  [1m[36mFriend Create (1.8ms)[0m  [1m[32mINSERT INTO "friends" ("full_name", "email", "phone", "telegram", "discord", "created_at", "updated_at") VALUES (?, ?, ?, ?, ?, ?, ?)[0m  [["full_name", "Severinov John"], ["email", "lilsonic444@gmail.com"], ["phone", "+380 97 436 06 81"], ["telegram", "@lilsonic"], ["discord", "lilsonic#1970"], ["created_at", "2022-12-08 21:35:38.883930"], ["updated_at", "2022-12-08 21:35:38.883930"]]
  ↳ app/controllers/friends_controller.rb:27:in `block in create'
  [1m[36mTRANSACTION (3.9ms)[0m  [1m[36mcommit transaction[0m
  ↳ app/controllers/friends_controller.rb:27:in `block in create'
Redirected to http://localhost:3000/friends/4
Completed 302 Found in 22ms (ActiveRecord: 5.8ms | Allocations: 2320)


Started GET "/friends/4" for ::1 at 2022-12-08 23:35:38 +0200
Processing by FriendsController#show as TURBO_STREAM
  Parameters: {"id"=>"4"}
  [1m[36mFriend Load (0.4ms)[0m  [1m[34mSELECT "friends".* FROM "friends" WHERE "friends"."id" = ? LIMIT ?[0m  [["id", 4], ["LIMIT", 1]]
  ↳ app/controllers/friends_controller.rb:63:in `set_friend'
  Rendering layout layouts/application.html.erb
  Rendering friends/show.html.erb within layouts/application
  Rendered friends/show.html.erb within layouts/application (Duration: 1.3ms | Allocations: 550)
  Rendered home/_header.html.erb (Duration: 0.4ms | Allocations: 159)
  Rendered layouts/_alerts.html.erb (Duration: 0.1ms | Allocations: 13)
  Rendered layout layouts/application.html.erb (Duration: 17.1ms | Allocations: 3127)
Completed 200 OK in 27ms (Views: 17.9ms | ActiveRecord: 0.4ms | Allocations: 3884)


Started GET "/friends" for ::1 at 2022-12-08 23:35:49 +0200
Processing by FriendsController#index as HTML
  Rendering layout layouts/application.html.erb
  Rendering friends/index.html.erb within layouts/application
  [1m[36mFriend Load (0.4ms)[0m  [1m[34mSELECT "friends".* FROM "friends"[0m
  ↳ app/views/friends/index.html.erb:16
  Rendered friends/index.html.erb within layouts/application (Duration: 3.6ms | Allocations: 1353)
  Rendered home/_header.html.erb (Duration: 0.4ms | Allocations: 159)
  Rendered layout layouts/application.html.erb (Duration: 32.0ms | Allocations: 4046)
Completed 200 OK in 38ms (Views: 32.5ms | ActiveRecord: 0.4ms | Allocations: 4337)


Started GET "/friends/new" for ::1 at 2022-12-08 23:37:38 +0200
Processing by FriendsController#new as HTML
  Rendering layout layouts/application.html.erb
  Rendering friends/new.html.erb within layouts/application
  Rendered friends/_form.html.erb (Duration: 2.6ms | Allocations: 1008)
  Rendered friends/new.html.erb within layouts/application (Duration: 3.1ms | Allocations: 1107)
  Rendered home/_header.html.erb (Duration: 0.5ms | Allocations: 158)
  Rendered layout layouts/application.html.erb (Duration: 18.7ms | Allocations: 3621)
Completed 200 OK in 25ms (Views: 19.8ms | ActiveRecord: 0.0ms | Allocations: 3917)


Started POST "/friends" for ::1 at 2022-12-08 23:38:42 +0200
Processing by FriendsController#create as TURBO_STREAM
  Parameters: {"authenticity_token"=>"[FILTERED]", "friend"=>{"full_name"=>"Scherbatiy Denis", "email"=>"", "phone"=>"+380 97 436 07 42", "telegram"=>"https://t.me/tomy99rr", "discord"=>"kans23#7693"}, "commit"=>"Create Friend"}
  [1m[36mTRANSACTION (0.2ms)[0m  [1m[36mbegin transaction[0m
  ↳ app/controllers/friends_controller.rb:27:in `block in create'
  [1m[36mFriend Create (2.1ms)[0m  [1m[32mINSERT INTO "friends" ("full_name", "email", "phone", "telegram", "discord", "created_at", "updated_at") VALUES (?, ?, ?, ?, ?, ?, ?)[0m  [["full_name", "Scherbatiy Denis"], ["email", ""], ["phone", "+380 97 436 07 42"], ["telegram", "https://t.me/tomy99rr"], ["discord", "kans23#7693"], ["created_at", "2022-12-08 21:38:42.747822"], ["updated_at", "2022-12-08 21:38:42.747822"]]
  ↳ app/controllers/friends_controller.rb:27:in `block in create'
  [1m[36mTRANSACTION (4.7ms)[0m  [1m[36mcommit transaction[0m
  ↳ app/controllers/friends_controller.rb:27:in `block in create'
Redirected to http://localhost:3000/friends/5
Completed 302 Found in 19ms (ActiveRecord: 7.0ms | Allocations: 2330)


Started GET "/friends/5" for ::1 at 2022-12-08 23:38:42 +0200
Processing by FriendsController#show as TURBO_STREAM
  Parameters: {"id"=>"5"}
  [1m[36mFriend Load (0.3ms)[0m  [1m[34mSELECT "friends".* FROM "friends" WHERE "friends"."id" = ? LIMIT ?[0m  [["id", 5], ["LIMIT", 1]]
  ↳ app/controllers/friends_controller.rb:63:in `set_friend'
  Rendering layout layouts/application.html.erb
  Rendering friends/show.html.erb within layouts/application
  Rendered friends/show.html.erb within layouts/application (Duration: 1.5ms | Allocations: 553)
  Rendered home/_header.html.erb (Duration: 0.3ms | Allocations: 159)
  Rendered layouts/_alerts.html.erb (Duration: 0.1ms | Allocations: 13)
  Rendered layout layouts/application.html.erb (Duration: 15.5ms | Allocations: 3132)
Completed 200 OK in 24ms (Views: 16.8ms | ActiveRecord: 0.3ms | Allocations: 3888)


Started GET "/friends" for ::1 at 2022-12-08 23:38:47 +0200
Processing by FriendsController#index as HTML
  Rendering layout layouts/application.html.erb
  Rendering friends/index.html.erb within layouts/application
  [1m[36mFriend Load (0.3ms)[0m  [1m[34mSELECT "friends".* FROM "friends"[0m
  ↳ app/views/friends/index.html.erb:16
  Rendered friends/index.html.erb within layouts/application (Duration: 4.5ms | Allocations: 1544)
  Rendered home/_header.html.erb (Duration: 0.3ms | Allocations: 159)
  Rendered layout layouts/application.html.erb (Duration: 21.4ms | Allocations: 4237)
Completed 200 OK in 28ms (Views: 22.1ms | ActiveRecord: 0.3ms | Allocations: 4528)


Started GET "/friends/3" for ::1 at 2022-12-08 23:39:32 +0200
Processing by FriendsController#show as HTML
  Parameters: {"id"=>"3"}
  [1m[36mFriend Load (0.2ms)[0m  [1m[34mSELECT "friends".* FROM "friends" WHERE "friends"."id" = ? LIMIT ?[0m  [["id", 3], ["LIMIT", 1]]
  ↳ app/controllers/friends_controller.rb:63:in `set_friend'
  Rendering layout layouts/application.html.erb
  Rendering friends/show.html.erb within layouts/application
  Rendered friends/show.html.erb within layouts/application (Duration: 0.9ms | Allocations: 562)
  Rendered home/_header.html.erb (Duration: 0.3ms | Allocations: 159)
  Rendered layout layouts/application.html.erb (Duration: 14.0ms | Allocations: 3063)
Completed 200 OK in 19ms (Views: 14.6ms | ActiveRecord: 0.2ms | Allocations: 3818)


Started GET "/friends" for ::1 at 2022-12-08 23:40:13 +0200
Processing by FriendsController#index as HTML
  Rendering layout layouts/application.html.erb
  Rendering friends/index.html.erb within layouts/application
  [1m[36mFriend Load (0.5ms)[0m  [1m[34mSELECT "friends".* FROM "friends"[0m
  ↳ app/views/friends/index.html.erb:16
  Rendered friends/index.html.erb within layouts/application (Duration: 5.6ms | Allocations: 1544)
  Rendered home/_header.html.erb (Duration: 0.9ms | Allocations: 159)
  Rendered layout layouts/application.html.erb (Duration: 21.2ms | Allocations: 4247)
Completed 200 OK in 27ms (Views: 21.7ms | ActiveRecord: 0.5ms | Allocations: 4538)


Started GET "/friends/1/edit" for ::1 at 2022-12-08 23:40:18 +0200
Processing by FriendsController#edit as HTML
  Parameters: {"id"=>"1"}
  [1m[36mFriend Load (0.4ms)[0m  [1m[34mSELECT "friends".* FROM "friends" WHERE "friends"."id" = ? LIMIT ?[0m  [["id", 1], ["LIMIT", 1]]
  ↳ app/controllers/friends_controller.rb:63:in `set_friend'
  Rendering layout layouts/application.html.erb
  Rendering friends/edit.html.erb within layouts/application
  Rendered friends/_form.html.erb (Duration: 2.8ms | Allocations: 1094)
  Rendered friends/edit.html.erb within layouts/application (Duration: 3.4ms | Allocations: 1240)
  Rendered home/_header.html.erb (Duration: 0.5ms | Allocations: 158)
  Rendered layout layouts/application.html.erb (Duration: 23.3ms | Allocations: 3738)
Completed 200 OK in 35ms (Views: 24.0ms | ActiveRecord: 0.4ms | Allocations: 4493)


Started GET "/" for ::1 at 2022-12-08 23:40:22 +0200
Processing by HomeController#index as HTML
  Rendering layout layouts/application.html.erb
  Rendering home/index.html.erb within layouts/application
  Rendered home/index.html.erb within layouts/application (Duration: 0.1ms | Allocations: 7)
  Rendered home/_header.html.erb (Duration: 0.4ms | Allocations: 168)
  Rendered layout layouts/application.html.erb (Duration: 15.9ms | Allocations: 2693)
Completed 200 OK in 23ms (Views: 16.5ms | ActiveRecord: 0.0ms | Allocations: 2972)


Started GET "/friends" for ::1 at 2022-12-08 23:40:25 +0200
Processing by FriendsController#index as HTML
  Rendering layout layouts/application.html.erb
  Rendering friends/index.html.erb within layouts/application
  [1m[36mFriend Load (0.3ms)[0m  [1m[34mSELECT "friends".* FROM "friends"[0m
  ↳ app/views/friends/index.html.erb:16
  Rendered friends/index.html.erb within layouts/application (Duration: 4.0ms | Allocations: 1544)
  Rendered home/_header.html.erb (Duration: 0.4ms | Allocations: 159)
  Rendered layout layouts/application.html.erb (Duration: 22.0ms | Allocations: 4253)
Completed 200 OK in 30ms (Views: 22.4ms | ActiveRecord: 0.3ms | Allocations: 4544)


Started GET "/friends/5/edit" for ::1 at 2022-12-08 23:40:27 +0200
Processing by FriendsController#edit as HTML
  Parameters: {"id"=>"5"}
  [1m[36mFriend Load (0.3ms)[0m  [1m[34mSELECT "friends".* FROM "friends" WHERE "friends"."id" = ? LIMIT ?[0m  [["id", 5], ["LIMIT", 1]]
  ↳ app/controllers/friends_controller.rb:63:in `set_friend'
  Rendering layout layouts/application.html.erb
  Rendering friends/edit.html.erb within layouts/application
  Rendered friends/_form.html.erb (Duration: 4.6ms | Allocations: 1094)
  Rendered friends/edit.html.erb within layouts/application (Duration: 5.4ms | Allocations: 1240)
  Rendered home/_header.html.erb (Duration: 0.4ms | Allocations: 158)
  Rendered layout layouts/application.html.erb (Duration: 22.0ms | Allocations: 3738)
Completed 200 OK in 30ms (Views: 22.9ms | ActiveRecord: 0.3ms | Allocations: 4493)


Started GET "/" for ::1 at 2022-12-08 23:40:33 +0200
Processing by HomeController#index as HTML
  Rendering layout layouts/application.html.erb
  Rendering home/index.html.erb within layouts/application
  Rendered home/index.html.erb within layouts/application (Duration: 0.1ms | Allocations: 7)
  Rendered home/_header.html.erb (Duration: 0.4ms | Allocations: 168)
  Rendered layout layouts/application.html.erb (Duration: 18.7ms | Allocations: 2711)
Completed 200 OK in 28ms (Views: 19.9ms | ActiveRecord: 0.0ms | Allocations: 2990)


Started GET "/friends" for ::1 at 2022-12-08 23:40:34 +0200
Processing by FriendsController#index as HTML
  Rendering layout layouts/application.html.erb
  Rendering friends/index.html.erb within layouts/application
  [1m[36mFriend Load (0.4ms)[0m  [1m[34mSELECT "friends".* FROM "friends"[0m
  ↳ app/views/friends/index.html.erb:16
  Rendered friends/index.html.erb within layouts/application (Duration: 5.4ms | Allocations: 1544)
  Rendered home/_header.html.erb (Duration: 0.3ms | Allocations: 159)
  Rendered layout layouts/application.html.erb (Duration: 26.0ms | Allocations: 4231)
Completed 200 OK in 36ms (Views: 26.7ms | ActiveRecord: 0.4ms | Allocations: 4522)


Started GET "/friends/4/edit" for ::1 at 2022-12-08 23:40:37 +0200
Processing by FriendsController#edit as HTML
  Parameters: {"id"=>"4"}
  [1m[36mFriend Load (0.3ms)[0m  [1m[34mSELECT "friends".* FROM "friends" WHERE "friends"."id" = ? LIMIT ?[0m  [["id", 4], ["LIMIT", 1]]
  ↳ app/controllers/friends_controller.rb:63:in `set_friend'
  Rendering layout layouts/application.html.erb
  Rendering friends/edit.html.erb within layouts/application
  Rendered friends/_form.html.erb (Duration: 3.2ms | Allocations: 1106)
  Rendered friends/edit.html.erb within layouts/application (Duration: 3.8ms | Allocations: 1252)
  Rendered home/_header.html.erb (Duration: 0.5ms | Allocations: 159)
  Rendered layout layouts/application.html.erb (Duration: 21.2ms | Allocations: 3751)
Completed 200 OK in 31ms (Views: 24.2ms | ActiveRecord: 0.3ms | Allocations: 4506)


Started GET "/friends/new" for ::1 at 2022-12-08 23:40:48 +0200
Processing by FriendsController#new as HTML
  Rendering layout layouts/application.html.erb
  Rendering friends/new.html.erb within layouts/application
  Rendered friends/_form.html.erb (Duration: 1.8ms | Allocations: 1002)
  Rendered friends/new.html.erb within layouts/application (Duration: 2.2ms | Allocations: 1101)
  Rendered home/_header.html.erb (Duration: 0.4ms | Allocations: 158)
  Rendered layout layouts/application.html.erb (Duration: 14.1ms | Allocations: 3607)
Completed 200 OK in 20ms (Views: 15.2ms | ActiveRecord: 0.0ms | Allocations: 3903)


Started GET "/" for ::1 at 2022-12-08 23:41:03 +0200
Processing by HomeController#index as HTML
  Rendering layout layouts/application.html.erb
  Rendering home/index.html.erb within layouts/application
  Rendered home/index.html.erb within layouts/application (Duration: 0.1ms | Allocations: 7)
  Rendered home/_header.html.erb (Duration: 0.4ms | Allocations: 168)
  Rendered layout layouts/application.html.erb (Duration: 16.5ms | Allocations: 2702)
Completed 200 OK in 22ms (Views: 17.3ms | ActiveRecord: 0.0ms | Allocations: 2981)


Started GET "/" for ::1 at 2022-12-08 23:42:10 +0200
Processing by HomeController#index as HTML
  Rendering layout layouts/application.html.erb
  Rendering home/index.html.erb within layouts/application
  Rendered home/index.html.erb within layouts/application (Duration: 0.1ms | Allocations: 7)
  Rendered home/_header.html.erb (Duration: 0.5ms | Allocations: 168)
  Rendered layout layouts/application.html.erb (Duration: 15.9ms | Allocations: 2598)
Completed 200 OK in 22ms (Views: 16.8ms | ActiveRecord: 0.0ms | Allocations: 2875)


Started GET "/home/about" for ::1 at 2022-12-08 23:42:47 +0200
Processing by HomeController#about as HTML
  Rendering layout layouts/application.html.erb
  Rendering home/about.html.erb within layouts/application
  Rendered home/about.html.erb within layouts/application (Duration: 9.2ms | Allocations: 90)
  Rendered home/_header.html.erb (Duration: 3.7ms | Allocations: 168)
  Rendered layout layouts/application.html.erb (Duration: 39.2ms | Allocations: 2768)
Completed 200 OK in 46ms (Views: 40.6ms | ActiveRecord: 0.0ms | Allocations: 3049)


Started GET "/friends" for ::1 at 2022-12-08 23:42:53 +0200
Processing by FriendsController#index as HTML
  Rendering layout layouts/application.html.erb
  Rendering friends/index.html.erb within layouts/application
  [1m[36mFriend Load (0.5ms)[0m  [1m[34mSELECT "friends".* FROM "friends"[0m
  ↳ app/views/friends/index.html.erb:16
  Rendered friends/index.html.erb within layouts/application (Duration: 4.2ms | Allocations: 1544)
  Rendered home/_header.html.erb (Duration: 0.4ms | Allocations: 159)
  Rendered layout layouts/application.html.erb (Duration: 19.9ms | Allocations: 4215)
Completed 200 OK in 26ms (Views: 20.3ms | ActiveRecord: 0.5ms | Allocations: 4506)


Started GET "/home/about" for ::1 at 2022-12-08 23:42:54 +0200
Processing by HomeController#about as HTML
  Rendering layout layouts/application.html.erb
  Rendering home/about.html.erb within layouts/application
  Rendered home/about.html.erb within layouts/application (Duration: 0.1ms | Allocations: 7)
  Rendered home/_header.html.erb (Duration: 0.4ms | Allocations: 168)
  Rendered layout layouts/application.html.erb (Duration: 16.4ms | Allocations: 2683)
Completed 200 OK in 22ms (Views: 17.4ms | ActiveRecord: 0.0ms | Allocations: 2963)


Started GET "/friends" for ::1 at 2022-12-08 23:45:06 +0200
Processing by FriendsController#index as HTML
  Rendering layout layouts/application.html.erb
  Rendering friends/index.html.erb within layouts/application
  [1m[36mFriend Load (0.4ms)[0m  [1m[34mSELECT "friends".* FROM "friends"[0m
  ↳ app/views/friends/index.html.erb:16
  Rendered friends/index.html.erb within layouts/application (Duration: 4.5ms | Allocations: 1544)
  Rendered home/_header.html.erb (Duration: 0.4ms | Allocations: 159)
  Rendered layout layouts/application.html.erb (Duration: 20.3ms | Allocations: 4209)
Completed 200 OK in 27ms (Views: 20.7ms | ActiveRecord: 0.4ms | Allocations: 4500)


Started GET "/friends/new" for ::1 at 2022-12-08 23:45:08 +0200
Processing by FriendsController#new as HTML
  Rendering layout layouts/application.html.erb
  Rendering friends/new.html.erb within layouts/application
  Rendered friends/_form.html.erb (Duration: 2.4ms | Allocations: 983)
  Rendered friends/new.html.erb within layouts/application (Duration: 2.9ms | Allocations: 1082)
  Rendered home/_header.html.erb (Duration: 0.3ms | Allocations: 158)
  Rendered layout layouts/application.html.erb (Duration: 17.1ms | Allocations: 3588)
Completed 200 OK in 23ms (Views: 17.9ms | ActiveRecord: 0.0ms | Allocations: 3884)


Started GET "/friends" for ::1 at 2022-12-08 23:45:10 +0200
Processing by FriendsController#index as HTML
  Rendering layout layouts/application.html.erb
  Rendering friends/index.html.erb within layouts/application
  [1m[36mFriend Load (0.4ms)[0m  [1m[34mSELECT "friends".* FROM "friends"[0m
  ↳ app/views/friends/index.html.erb:16
  Rendered friends/index.html.erb within layouts/application (Duration: 4.8ms | Allocations: 1544)
  Rendered home/_header.html.erb (Duration: 0.3ms | Allocations: 159)
  Rendered layout layouts/application.html.erb (Duration: 19.3ms | Allocations: 4200)
Completed 200 OK in 26ms (Views: 20.0ms | ActiveRecord: 0.4ms | Allocations: 4491)


